proguard-project.txt
# To enable ProGuard in your project, edit project.properties
# to define the proguard.config property as described in that file.
#
# Add project specific ProGuard rules here.
# By default, the flags in this file are appended to flags specified
# in ${sdk.dir}/tools/proguard/proguard-android.txt
# You can edit the include path and order by changing the ProGuard
# include property in project.properties.
#
# For more details, see
#   http://developer.android.com/guide/developing/tools/proguard.html

# Add any project specific keep options here:

# If your project uses WebView with JS, uncomment the following
# and specify the fully qualified class name to the JavaScript interface
# class:
#-keepclassmembers class fqcn.of.javascript.interface.for.webview {
#   public *;
#}
-ignorewarnings
-optimizationpasses 5
-dontusemixedcaseclassnames 
-dontskipnonpubliclibraryclasses 
-dontpreverify  
-verbose 
-optimizations !code/simplification/arithmetic,!field/*,!class/merging/*   
-dontwarn 
-keepattributes Signature   
-keepattributes *Annotation*   

-libraryjars libs/android-support-v4.jar
-libraryjars  libs/android-async-http-1.4.5.jar
-libraryjars  libs/circleimageview.jar
-libraryjars  libs/eventbus-2.4.0.jar
-libraryjars  libs/jsoup-1.7.2.jar
-libraryjars  libs/picasso-2.5.0.jar
-libraryjars  libs/xUtils-2.4.7.jar
-libraryjars  libs/YoumiSdk_v5.00.jar

-keep public class * extends android.app.Activity 
-keep public class * extends android.app.Application
-keep public class * extends android.app.Service
-keep public class * extends android.content.BroadcastReceiver
-keep public class * extends android.content.ContentProvider
-keep public class com.android.vending.licensing.ILicensingService

-keepclasseswithmembernames class * {
 native <methods>; 
}

-keepclasseswithmembernames class * {
public <init>(android.content.Context, android.util.AttributeSet);
}

-keepclasseswithmembernames class * {
 public <init>(android.content.Context, android.util.AttributeSet, int);
 
}

-keepclassmembers enum * { 
 public static **[] values();
 public static ** valueOf(java.lang.String);
}
-keepclassmembers class **.R$* { 
    *;  
} 

-keep class * implements android.os.Parcelable { 
public static final android.os.Parcelable$Creator *;
}
-dontwarn net.youmi.android.**
-keep class net.youmi.android.** {
    *;  
}
 #不混淆第三方jar包中的类
 -keep class org.jsoup.** {*;}
 -keep class com.lidroid.xutils.**{*;}
 -keep class com.squareup.picasso.** {*;}
 -keep class com.loopj.android.http.** {*;}
 -keep class android.support.v4.** {*;}
 -keep class de.hdodenhof.circleimageview.** {*;}
 -keep class de.greenrobot.event.** {*;}
 -keep class com.app.entity.** {*;} 
 -keep class com.app.download.** {*;} 