proguard/seeds.txt
com.shop.app.R$anim: int loading
com.shop.app.R$anim: int pop_up_in
com.shop.app.R$anim: int rotating
com.shop.app.R$anim: R$anim()
com.shop.app.R$attr: int max
com.shop.app.R$attr: int numberProgressBarStyle
com.shop.app.R$attr: int progress
com.shop.app.R$attr: int progress_reached_bar_height
com.shop.app.R$attr: int progress_reached_color
com.shop.app.R$attr: int progress_text_color
com.shop.app.R$attr: int progress_text_offset
com.shop.app.R$attr: int progress_text_size
com.shop.app.R$attr: int progress_unreached_bar_height
com.shop.app.R$attr: int progress_unreached_color
com.shop.app.R$attr: R$attr()
com.shop.app.R$color: int C8C8C8
com.shop.app.R$color: int CF5F5F5
com.shop.app.R$color: int DCDCDC
com.shop.app.R$color: int E505050
com.shop.app.R$color: int E787878
com.shop.app.R$color: int ECECEC
com.shop.app.R$color: int F0F0F0
com.shop.app.R$color: int FF545A
com.shop.app.R$color: int activity_giftdetail_desc
com.shop.app.R$color: int activity_text_content
com.shop.app.R$color: int activity_text_title
com.shop.app.R$color: int app_launch_background
com.shop.app.R$color: int background
com.shop.app.R$color: int background_tab_pressed
com.shop.app.R$color: int base_center_color_pressed
com.shop.app.R$color: int base_end_color_default
com.shop.app.R$color: int base_end_color_pressed
com.shop.app.R$color: int base_start_color_default
com.shop.app.R$color: int base_start_color_pressed
com.shop.app.R$color: int bg_black
com.shop.app.R$color: int bg_gray
com.shop.app.R$color: int bg_morebutton
com.shop.app.R$color: int bg_page
com.shop.app.R$color: int bigtitle
com.shop.app.R$color: int black
com.shop.app.R$color: int blue
com.shop.app.R$color: int btn_pressed_color_light
com.shop.app.R$color: int button_blue_normal
com.shop.app.R$color: int button_blue_pressed
com.shop.app.R$color: int button_brickred_normal
com.shop.app.R$color: int button_brickred_pressed
com.shop.app.R$color: int button_default_normal
com.shop.app.R$color: int button_download_normal
com.shop.app.R$color: int button_gray_bg
com.shop.app.R$color: int button_gray_normal
com.shop.app.R$dimen: int activity_horizontal_margin
com.shop.app.R$dimen: int activity_item_left_or_right_padding
com.shop.app.R$dimen: int activity_item_top_or_bottom_padding
com.shop.app.R$dimen: int activity_vertical_margin
com.shop.app.R$dimen: int app_icon_height
com.shop.app.R$dimen: int app_icon_width
com.shop.app.R$dimen: int article_item_left_or_right_padding
com.shop.app.R$dimen: int article_item_text_size
com.shop.app.R$dimen: int article_item_top_or_bottom_padding
com.shop.app.R$dimen: int btn_page_bottom_height
com.shop.app.R$dimen: int btn_page_bottom_margin
com.shop.app.R$dimen: int btn_page_bottome_txt_size
com.shop.app.R$dimen: int default_button_height
com.shop.app.R$dimen: int default_button_width
com.shop.app.R$dimen: int default_circle_indicator_radius
com.shop.app.R$dimen: int default_circle_indicator_stroke_width
com.shop.app.R$dimen: int default_content_text_size
com.shop.app.R$dimen: int default_line_indicator_gap_width
com.shop.app.R$dimen: int default_line_indicator_line_width
com.shop.app.R$dimen: int default_line_indicator_stroke_width
com.shop.app.R$dimen: int default_margin_top
com.shop.app.R$dimen: int default_padding_left_right
com.shop.app.R$dimen: int default_title_indicator_clip_padding
com.shop.app.R$dimen: int default_title_indicator_footer_indicator_height
com.shop.app.R$dimen: int default_title_indicator_footer_indicator_underline_padding
com.shop.app.R$dimen: int default_title_indicator_footer_line_height
...
com.squareup.picasso.Dispatcher$1
com.squareup.picasso.Dispatcher$1: com.squareup.picasso.Dispatcher this$0
com.squareup.picasso.Dispatcher$1: Dispatcher$1(com.squareup.picasso.Dispatcher)
com.squareup.picasso.Dispatcher$1: void run()
com.squareup.picasso.Dispatcher$DispatcherHandler
com.squareup.picasso.Dispatcher$DispatcherHandler: com.squareup.picasso.Dispatcher dispatcher
com.squareup.picasso.Dispatcher$DispatcherHandler: Dispatcher$DispatcherHandler(android.os.Looper,com.squareup.picasso.Dispatcher)
com.squareup.picasso.Dispatcher$DispatcherHandler: void handleMessage(android.os.Message)
com.squareup.picasso.Dispatcher$DispatcherHandler$1
com.squareup.picasso.Dispatcher$DispatcherHandler$1: android.os.Message val$msg
com.squareup.picasso.Dispatcher$DispatcherHandler$1: com.squareup.picasso.Dispatcher$DispatcherHandler this$0
com.squareup.picasso.Dispatcher$DispatcherHandler$1: Dispatcher$DispatcherHandler$1(com.squareup.picasso.Dispatcher$DispatcherHandler,android.os.Message)
com.squareup.picasso.Dispatcher$DispatcherHandler$1: void run()
com.squareup.picasso.Dispatcher$DispatcherThread
com.squareup.picasso.Dispatcher$DispatcherThread: Dispatcher$DispatcherThread()
com.squareup.picasso.Dispatcher$NetworkBroadcastReceiver
com.squareup.picasso.Dispatcher$NetworkBroadcastReceiver: java.lang.String EXTRA_AIRPLANE_STATE
com.squareup.picasso.Dispatcher$NetworkBroadcastReceiver: com.squareup.picasso.Dispatcher dispatcher
com.squareup.picasso.Dispatcher$NetworkBroadcastReceiver: Dispatcher$NetworkBroadcastReceiver(com.squareup.picasso.Dispatcher)
com.squareup.picasso.Dispatcher$NetworkBroadcastReceiver: void register()
com.squareup.picasso.Dispatcher$NetworkBroadcastReceiver: void unregister()
com.squareup.picasso.Dispatcher$NetworkBroadcastReceiver: void onReceive(android.content.Context,android.content.Intent)
com.squareup.picasso.Downloader
com.squareup.picasso.Downloader: com.squareup.picasso.Downloader$Response load(android.net.Uri,int)
com.squareup.picasso.Downloader: void shutdown()
com.squareup.picasso.Downloader$Response
com.squareup.picasso.Downloader$Response: java.io.InputStream stream
com.squareup.picasso.Downloader$Response: android.graphics.Bitmap bitmap
com.squareup.picasso.Downloader$Response: boolean cached
com.squareup.picasso.Downloader$Response: long contentLength
com.squareup.picasso.Downloader$Response: Downloader$Response(android.graphics.Bitmap,boolean)
com.squareup.picasso.Downloader$Response: Downloader$Response(java.io.InputStream,boolean)
com.squareup.picasso.Downloader$Response: Downloader$Response(android.graphics.Bitmap,boolean,long)
com.squareup.picasso.Downloader$Response: Downloader$Response(java.io.InputStream,boolean,long)
com.squareup.picasso.Downloader$Response: java.io.InputStream getInputStream()
com.squareup.picasso.Downloader$Response: android.graphics.Bitmap getBitmap()
com.squareup.picasso.Downloader$Response: long getContentLength()
com.squareup.picasso.Downloader$ResponseException
com.squareup.picasso.Downloader$ResponseException: boolean localCacheOnly
com.squareup.picasso.Downloader$ResponseException: int responseCode
com.squareup.picasso.Downloader$ResponseException: Downloader$ResponseException(java.lang.String,int,int)
com.squareup.picasso.FetchAction
com.squareup.picasso.FetchAction: java.lang.Object target
com.squareup.picasso.FetchAction: com.squareup.picasso.Callback callback
com.squareup.picasso.FetchAction: FetchAction(com.squareup.picasso.Picasso,com.squareup.picasso.Request,int,int,java.lang.Object,java.lang.String,com.squareup.picasso.Callback)
com.squareup.picasso.FetchAction: void complete(android.graphics.Bitmap,com.squareup.picasso.Picasso$LoadedFrom)
com.squareup.picasso.FetchAction: void error()
com.squareup.picasso.FetchAction: void cancel()
com.squareup.picasso.FetchAction: java.lang.Object getTarget()