proguard/mapping.txt
com.shop.app.R -> com.a.a.a:
com.shop.app.R$styleable -> com.a.a.b:
    int[] NumberProgressBar -> NumberProgressBar
    int NumberProgressBar_max -> NumberProgressBar_max
    int NumberProgressBar_progress -> NumberProgressBar_progress
    int NumberProgressBar_progress_reached_bar_height -> NumberProgressBar_progress_reached_bar_height
    int NumberProgressBar_progress_reached_color -> NumberProgressBar_progress_reached_color
    int NumberProgressBar_progress_text_color -> NumberProgressBar_progress_text_color
    int NumberProgressBar_progress_text_offset -> NumberProgressBar_progress_text_offset
    int NumberProgressBar_progress_text_size -> NumberProgressBar_progress_text_size
    int NumberProgressBar_progress_unreached_bar_height -> NumberProgressBar_progress_unreached_bar_height
    int NumberProgressBar_progress_unreached_color -> NumberProgressBar_progress_unreached_color
    int[] Themes -> Themes
    int Themes_numberProgressBarStyle -> Themes_numberProgressBarStyle
...
net.youmi.android.a.b.l.d -> net.youmi.android.a.b.l.d:
net.youmi.android.a.b.l.e -> net.youmi.android.a.b.l.e:
    android.view.WindowManager a -> a
    android.view.WindowManager$LayoutParams b -> b
    android.widget.LinearLayout c -> c
    android.view.View d -> d
    boolean a() -> a
    boolean b() -> b
    void a(android.view.animation.Animation) -> a
    void onAnimationEnd(android.view.animation.Animation) -> onAnimationEnd
    void onAnimationRepeat(android.view.animation.Animation) -> onAnimationRepeat
    void onAnimationStart(android.view.animation.Animation) -> onAnimationStart
net.youmi.android.a.c.a -> net.youmi.android.a.c.a:
    void a(java.lang.Runnable) -> a
net.youmi.android.a.c.a.a -> net.youmi.android.a.c.a.a:
    java.lang.String a(java.lang.String,java.lang.String) -> a
    java.lang.String b(java.lang.String,java.lang.String) -> b
net.youmi.android.a.c.b -> net.youmi.android.a.c.b:
    int a() -> a
net.youmi.android.a.c.b.a -> net.youmi.android.a.c.b.a:
    java.lang.String b -> b
    java.lang.String a() -> a
    void a(boolean) -> a
    void a(java.lang.String) -> a
    void a(java.lang.String,java.lang.Object[]) -> a
    void a(java.lang.String,java.lang.Throwable) -> a
    void b(java.lang.String) -> b
    void b(java.lang.String,java.lang.Object[]) -> b
    void b(java.lang.String,java.lang.Throwable) -> b
    void a(java.lang.Throwable) -> a
    void c(java.lang.String) -> c
    void d(java.lang.String) -> d
    void c(java.lang.String,java.lang.Object[]) -> c
    void b(java.lang.Throwable) -> b
net.youmi.android.a.c.c.a -> net.youmi.android.a.c.c.a:
    java.lang.String a -> a
    java.lang.String b -> b
    java.lang.String c -> c
    int d -> d
    int e -> e
    int f -> f
    java.lang.String g -> g
    boolean h -> h
    java.lang.String a() -> a
    java.lang.String a(android.content.Context) -> a
    void a(android.content.Context,java.lang.String) -> a
    java.lang.String b(android.content.Context) -> b
    void b(android.content.Context,java.lang.String) -> b
    java.lang.String c(android.content.Context) -> c
    void c(android.content.Context,java.lang.String) -> c
    boolean d(android.content.Context) -> d
    java.lang.String e(android.content.Context) -> e
    int f(android.content.Context) -> f
    void a(android.content.Context,int) -> a
    int g(android.content.Context) -> g
    int h(android.content.Context) -> h
    void a(boolean) -> a
    boolean b() -> b
net.youmi.android.a.c.c.b -> net.youmi.android.a.c.c.b:
    java.lang.String a -> a
    java.lang.String b -> b
    java.lang.String c -> c
    java.lang.String d -> d
    boolean e -> e
    java.lang.String f -> f
    java.lang.String f() -> f
    java.lang.String a(android.content.Context) -> a
    java.lang.String a(java.lang.String) -> a
    boolean g() -> g
    java.lang.String a() -> a
    java.lang.String b() -> b
    java.lang.String c() -> c
    java.lang.String d() -> d
    boolean e() -> e
net.youmi.android.a.c.d.a -> net.youmi.android.a.c.d.a:
net.youmi.android.a.c.d.b -> net.youmi.android.a.c.d.b:
    java.lang.String h -> h
    long i -> i
    void a(org.apache.http.HttpResponse) -> a
    void c() -> c
    java.lang.String a(org.apache.http.HttpResponse,java.lang.String,boolean) -> a
    java.lang.String e() -> e
    long d() -> d