proguard/usage.txt
com.shop.app.BuildConfig
com.shop.app.R:
    10:10:public R()
com.shop.app.R$anim
com.shop.app.R$attr
com.shop.app.R$color
com.shop.app.R$dimen
com.shop.app.R$drawable
com.shop.app.R$id
com.shop.app.R$layout
com.shop.app.R$raw
com.shop.app.R$string
com.shop.app.R$style
...
com.app.activity.CategoryActivity:
    private static final java.lang.String URL_PATH
com.app.activity.Download1Activity:
    private static final java.lang.String URL_PATH
com.app.activity.Download2Activity:
    private static final java.lang.String URL_PATH
com.app.activity.Download3Activity:
    private static final java.lang.String URL_PATH
com.app.activity.Game1Activity:
    private static final java.lang.String URL_PATH
com.app.activity.GameDetailActivity:
    private static final java.lang.String URL_PATH
com.app.activity.GameGiftActivity:
    private static final java.lang.String URL_PATH
com.app.activity.GiftHotActivity:
    private static final java.lang.String URL_PATH
com.app.activity.GiftTuijianActivity:
    private static final java.lang.String URL_PATH
com.app.activity.Main1Activity:
    private static final java.lang.String URL_PATH
com.app.activity.MainActivity:
    private static final int INTERVAL
com.app.activity.SearchActivity:
    private static final java.lang.String URL_PATH
    private static final int FEEDKEY_START
com.app.activity.SignInActivity:
    41:45:public static int getCurrentMonthDay()
com.app.activity.SplashActivity:
    android.widget.ImageView imageview1
    59:68:public void gotoActivity()
com.app.activity.UpdateIconActivity:
    private static final int IMAGE_REQUEST_CODE
    private static final int CAMERA_REQUEST_CODE
    private static final int RESULT_REQUEST_CODE
com.app.adapter.DownAdapter:
    36:36:static synthetic com.app.download.DownloadManager access$0(com.app.adapter.DownAdapter)
com.app.adapter.DownAdapter$MyOnClickListener
com.app.adapter.HistoryAdapter:
    31:31:public com.app.activity.Download3Activity getActivity()
com.app.adapter.ViewPagerAdapter:
    27:27:public com.app.adapter.ViewPagerAdapter$ImageClickListener getImgClickListener()
com.app.base.BaseActivity:
    64:70:protected void startActivity(java.lang.String,android.os.Bundle)
    102:103:protected void showShortToast(int)
com.app.base.BaseFragment
com.app.base.BaseMyAdapter:
    38:41:public void updateData(java.util.List)
    44:44:public java.util.Map getNumMap()
    48:49:public void setNumMap(java.util.Map)
    79:84:public void appendToTopList(java.util.List)
    92:97:public void appendToTop(java.lang.Object)
    105:110:public void appendToLast(java.lang.Object)
com.app.base.Constant
com.app.component.CalendarView:
    private static final java.lang.String TAG
    366:366:public boolean isSelectMore()
com.app.component.ErrorHintView:
    android.view.View noData
    159:160:public void noData()
com.app.component.ErrorHintView$NoDataError
com.app.component.KeywordsFlow:
    public static final int IDX_X
    public static final int IDX_Y
    public static final int IDX_TXT_LENGTH
    public static final int IDX_DIS_Y
    public static final int ANIMATION_IN
    public static final int ANIMATION_OUT
    public static final int OUTSIDE_TO_LOCATION
    public static final int LOCATION_TO_OUTSIDE
    public static final int CENTER_TO_LOCATION
    public static final int LOCATION_TO_CENTER
    public static final long ANIM_DURATION
    public static final int MAX
    public static final int TEXT_SIZE_MAX
    public static final int TEXT_SIZE_MIN
    420:421:public void rubAllViews()
com.app.component.NumberProgressBar:
    private static final java.lang.String INSTANCE_STATE
    private static final java.lang.String INSTANCE_TEXT_COLOR
    private static final java.lang.String INSTANCE_TEXT_SIZE
    private static final java.lang.String INSTANCE_REACHED_BAR_HEIGHT
    private static final java.lang.String INSTANCE_REACHED_BAR_COLOR
    private static final java.lang.String INSTANCE_UNREACHED_BAR_HEIGHT
    private static final java.lang.String INSTANCE_UNREACHED_BAR_COLOR
    private static final java.lang.String INSTANCE_MAX
    private static final java.lang.String INSTANCE_PROGRESS
    358:361:public void incrementProgressBy(int)